c:\users\smj\desktop\graduation\spring 2017\674\assignment 2 mengjieshi\assignment 2 mengjieshi\sorting\sorting\debug\vc141.pdb
c:\users\smj\desktop\graduation\spring 2017\674\assignment 2 mengjieshi\assignment 2 mengjieshi\sorting\sorting\debug\vc141.idb
c:\users\smj\desktop\graduation\spring 2017\674\assignment 2 mengjieshi\assignment 2 mengjieshi\sorting\sorting\debug\windowsstopwatch.obj
c:\users\smj\desktop\graduation\spring 2017\674\assignment 2 mengjieshi\assignment 2 mengjieshi\sorting\sorting\debug\main.obj
d:\graduate learning\cse674\assignment 2\assignment 2 mengjieshi\sorting\debug\sorting.ilk
d:\graduate learning\cse674\assignment 2\assignment 2 mengjieshi\sorting\debug\sorting.exe
d:\graduate learning\cse674\assignment 2\assignment 2 mengjieshi\sorting\debug\sorting.pdb
i:\graduate learning\cse674\assignment 2\assignment 2 mengjieshi\sorting\debug\sorting.ilk
i:\graduate learning\cse674\assignment 2\assignment 2 mengjieshi\sorting\debug\sorting.exe
i:\graduate learning\cse674\assignment 2\assignment 2 mengjieshi\sorting\debug\sorting.pdb
c:\users\smj\desktop\graduation\spring 2017\674\assignment 2 mengjieshi\assignment 2 mengjieshi\sorting\debug\sorting.exe
c:\users\smj\desktop\graduation\spring 2017\674\assignment 2 mengjieshi\assignment 2 mengjieshi\sorting\debug\sorting.ilk
c:\users\smj\desktop\graduation\spring 2017\674\assignment 2 mengjieshi\assignment 2 mengjieshi\sorting\debug\sorting.pdb
c:\users\smj\desktop\graduation\spring 2017\674\assignment 2 mengjieshi\assignment 2 mengjieshi\sorting\sorting\debug\main.obj.enc
c:\users\smj\desktop\graduation\spring 2017\674\assignment 2 mengjieshi\assignment 2 mengjieshi\sorting\sorting\debug\vc140.idb
c:\users\smj\desktop\graduation\spring 2017\674\assignment 2 mengjieshi\assignment 2 mengjieshi\sorting\sorting\debug\vc140.pdb
c:\users\smj\desktop\graduation\spring 2017\674\assignment 2 mengjieshi\assignment 2 mengjieshi\sorting\sorting\debug\sorting.tlog\cl.command.1.tlog
c:\users\smj\desktop\graduation\spring 2017\674\assignment 2 mengjieshi\assignment 2 mengjieshi\sorting\sorting\debug\sorting.tlog\cl.read.1.tlog
c:\users\smj\desktop\graduation\spring 2017\674\assignment 2 mengjieshi\assignment 2 mengjieshi\sorting\sorting\debug\sorting.tlog\cl.write.1.tlog
c:\users\smj\desktop\graduation\spring 2017\674\assignment 2 mengjieshi\assignment 2 mengjieshi\sorting\sorting\debug\sorting.tlog\link.command.1.tlog
c:\users\smj\desktop\graduation\spring 2017\674\assignment 2 mengjieshi\assignment 2 mengjieshi\sorting\sorting\debug\sorting.tlog\link.read.1.tlog
c:\users\smj\desktop\graduation\spring 2017\674\assignment 2 mengjieshi\assignment 2 mengjieshi\sorting\sorting\debug\sorting.tlog\link.write.1.tlog
